{
  "RSpec": {
    "coverage": {
      "/Users/morris88826/Desktop/TAMU/CSCE-606-Event360/PlaNXT/app/helpers/application_helper.rb": {
        "lines": [
          1,
          null,
          null
        ]
      },
      "/Users/morris88826/Desktop/TAMU/CSCE-606-Event360/PlaNXT/app/helpers/items_helper.rb": {
        "lines": [
          1,
          null
        ]
      },
      "/Users/morris88826/Desktop/TAMU/CSCE-606-Event360/PlaNXT/app/helpers/plans_helper.rb": {
        "lines": [
          1,
          null
        ]
      },
      "/Users/morris88826/Desktop/TAMU/CSCE-606-Event360/PlaNXT/app/helpers/steps_helper.rb": {
        "lines": [
          1,
          null
        ]
      },
      "/Users/morris88826/Desktop/TAMU/CSCE-606-Event360/PlaNXT/app/controllers/blueprints_controller.rb": {
        "lines": [
          1,
          1,
          null,
          1,
          null,
          null,
          null,
          4,
          null,
          null
        ]
      },
      "/Users/morris88826/Desktop/TAMU/CSCE-606-Event360/PlaNXT/app/controllers/application_controller.rb": {
        "lines": [
          1,
          null
        ]
      },
      "/Users/morris88826/Desktop/TAMU/CSCE-606-Event360/PlaNXT/app/controllers/home_controller.rb": {
        "lines": [
          1,
          1,
          null,
          null
        ]
      },
      "/Users/morris88826/Desktop/TAMU/CSCE-606-Event360/PlaNXT/app/controllers/items_controller.rb": {
        "lines": [
          1,
          1,
          null,
          null,
          1,
          7,
          null,
          7,
          7,
          10,
          5,
          null,
          4,
          null,
          null,
          null,
          null,
          null,
          1,
          2,
          2,
          null,
          null,
          null,
          null,
          1,
          0,
          0,
          0,
          null,
          0,
          0,
          0,
          null,
          null,
          null,
          null,
          null,
          1,
          0,
          0,
          0,
          null,
          null,
          null,
          1,
          null,
          1,
          0,
          null,
          null,
          null,
          1,
          7,
          null,
          null
        ]
      },
      "/Users/morris88826/Desktop/TAMU/CSCE-606-Event360/PlaNXT/app/controllers/plans_controller.rb": {
        "lines": [
          1,
          1,
          null,
          1,
          null,
          null,
          1,
          1,
          null,
          null,
          null,
          1,
          1,
          null,
          null,
          null,
          1,
          1,
          1,
          null,
          null,
          null,
          1,
          null,
          null,
          1,
          1,
          null,
          null,
          1,
          4,
          4,
          null,
          null,
          null,
          4,
          4,
          4,
          null,
          null,
          null,
          null,
          null,
          null,
          null,
          null,
          null,
          null,
          null,
          null,
          null,
          null,
          null,
          null,
          null,
          null,
          4,
          4,
          null,
          null,
          null,
          null,
          null,
          null,
          null,
          null,
          null,
          null,
          null,
          null,
          null,
          null,
          null,
          4,
          null,
          4,
          null,
          null,
          null,
          1,
          1,
          null,
          1,
          1,
          2,
          null,
          null,
          null,
          null,
          null,
          null,
          null,
          null,
          1,
          1,
          1,
          2,
          1,
          null,
          null,
          null,
          null,
          null,
          null,
          null,
          null,
          1,
          1,
          null,
          1,
          2,
          1,
          null,
          null,
          null,
          1,
          null,
          1,
          4,
          null,
          null,
          null,
          1,
          2,
          null,
          null
        ]
      },
      "/Users/morris88826/Desktop/TAMU/CSCE-606-Event360/PlaNXT/app/models/plan.rb": {
        "lines": [
          1,
          1,
          1,
          null
        ]
      },
      "/Users/morris88826/Desktop/TAMU/CSCE-606-Event360/PlaNXT/app/models/step.rb": {
        "lines": [
          1,
          1,
          null,
          1,
          1,
          null
        ]
      },
      "/Users/morris88826/Desktop/TAMU/CSCE-606-Event360/PlaNXT/app/models/item.rb": {
        "lines": [
          1,
          1,
          null
        ]
      },
      "/Users/morris88826/Desktop/TAMU/CSCE-606-Event360/PlaNXT/app/channels/application_cable/channel.rb": {
        "lines": [
          0,
          0,
          0,
          0
        ],
        "branches": {
        }
      },
      "/Users/morris88826/Desktop/TAMU/CSCE-606-Event360/PlaNXT/app/channels/application_cable/connection.rb": {
        "lines": [
          0,
          0,
          0,
          0
        ],
        "branches": {
        }
      },
      "/Users/morris88826/Desktop/TAMU/CSCE-606-Event360/PlaNXT/app/jobs/application_job.rb": {
        "lines": [
          0,
          null,
          null,
          null,
          null,
          null,
          0
        ],
        "branches": {
        }
      },
      "/Users/morris88826/Desktop/TAMU/CSCE-606-Event360/PlaNXT/app/mailers/application_mailer.rb": {
        "lines": [
          0,
          0,
          0,
          0
        ],
        "branches": {
        }
      },
      "/Users/morris88826/Desktop/TAMU/CSCE-606-Event360/PlaNXT/app/models/application_record.rb": {
        "lines": [
          0,
          0,
          0
        ],
        "branches": {
        }
      }
    },
    "timestamp": 1699654230
  }
}
